<?xml version="1.0" encoding="UTF-8"?>
<!-- Generated by org.testng.reporters.JUnitReportReporter -->
<testsuite skipped="0" hostname="EPINPUNW0077" name="testng.DifferentClassDataProvider" tests="2" failures="0" timestamp="07 Oct 2019 09:44:43 GMT" time="0.016" errors="0">
  <testcase name="testMethod" time="0.003" classname="testng.DifferentClassDataProvider"/>
  <testcase name="testMethod" time="0.013" classname="testng.DifferentClassDataProvider"/>
</testsuite> <!-- testng.DifferentClassDataProvider -->
