<?xml version="1.0" encoding="UTF-8"?>
<!-- Generated by org.testng.reporters.JUnitReportReporter -->
<testsuite skipped="0" hostname="EPINPUNW0077" name="com.selenium.basic.ParallelDemo1" tests="1" failures="0" timestamp="23 Sep 2019 08:17:01 GMT" time="9.079" errors="0">
  <testcase name="login" time="9.079" classname="com.selenium.basic.ParallelDemo1"/>
</testsuite> <!-- com.selenium.basic.ParallelDemo1 -->
