<?xml version="1.0" encoding="UTF-8"?>
<!-- Generated by org.testng.reporters.JUnitReportReporter -->
<testsuite skipped="0" hostname="EPINPUNW0077" name="com.java.BeforeAndAfterClass" tests="1" failures="0" timestamp="07 Oct 2019 11:23:55 GMT" time="0.008" errors="0">
  <testcase name="testMethod1" time="0.008" classname="com.java.BeforeAndAfterClass"/>
</testsuite> <!-- com.java.BeforeAndAfterClass -->
