<?xml version="1.0" encoding="UTF-8"?>
<!-- Generated by org.testng.reporters.JUnitReportReporter -->
<testsuite skipped="0" hostname="EPINPUNW0077" name="testng.DataProviderUsingPojo" tests="2" failures="0" timestamp="07 Oct 2019 09:56:45 GMT" time="0.008" errors="0">
  <testcase name="testMethod" time="0.002" classname="testng.DataProviderUsingPojo"/>
  <testcase name="testMethod" time="0.006" classname="testng.DataProviderUsingPojo"/>
</testsuite> <!-- testng.DataProviderUsingPojo -->
