<?xml version="1.0" encoding="UTF-8"?>
<!-- Generated by org.testng.reporters.JUnitReportReporter -->
<testsuite hostname="EPINPUNW0077" name="testng.UnderstandTestNG" tests="1" failures="0" timestamp="23 Oct 2018 05:22:53 GMT" time="0.013" errors="0">
  <testcase name="testng" time="0.013" classname="testng.UnderstandTestNG"/>
</testsuite>
