<?xml version="1.0" encoding="UTF-8"?>
<!-- Generated by org.testng.reporters.JUnitReportReporter -->
<testsuite skipped="0" hostname="EPINPUNW0077" name="com.java.BeforeAndAfterClass" tests="2" failures="0" timestamp="23 Oct 2019 05:38:41 GMT" time="0.028" errors="0">
  <testcase name="testMethod1" time="0.019" classname="com.java.BeforeAndAfterClass"/>
  <testcase name="testMethod2" time="0.009" classname="com.java.BeforeAndAfterClass"/>
</testsuite> <!-- com.java.BeforeAndAfterClass -->
