<?xml version="1.0" encoding="UTF-8"?>
<!-- Generated by org.testng.reporters.JUnitReportReporter -->
<testsuite skipped="0" hostname="EPINPUNW0077" name="com.selenium.practise.RetrieveUniqueTextFromListOfElementUsingStreamAPICollect" tests="1" failures="0" timestamp="19 Nov 2019 06:18:32 GMT" time="9.344" errors="0">
  <testcase name="RetrieveTextFromListOfElementWithStremAPI" time="9.344" classname="com.selenium.practise.RetrieveUniqueTextFromListOfElementUsingStreamAPICollect"/>
</testsuite> <!-- com.selenium.practise.RetrieveUniqueTextFromListOfElementUsingStreamAPICollect -->
