<?xml version="1.0" encoding="UTF-8"?>
<!-- Generated by org.testng.reporters.JUnitReportReporter -->
<testsuite skipped="0" hostname="EPINPUNW0077" name="testng.SameClassDataProvider" tests="2" failures="0" timestamp="07 Oct 2019 09:40:51 GMT" time="0.014" errors="0">
  <testcase name="testMethod" time="0.013" classname="testng.SameClassDataProvider"/>
  <testcase name="testMethod" time="0.001" classname="testng.SameClassDataProvider"/>
</testsuite> <!-- testng.SameClassDataProvider -->
